The system is: Linux - 5.10.16.3-microsoft-standard-WSL2 - x86_64
Compiling the C compiler identification source file "CMakeCCompilerId.c" succeeded.
Compiler: /usr/bin/cc 
Build flags: 
Id flags:  

The output was:
0


Compilation of the C compiler identification source "CMakeCCompilerId.c" produced "a.out"

The C compiler identification is GNU, found in "/home/ethan/jpl/projects/BareMetal/SystemRef/build-fprime-automatic-native/prescan/CMakeFiles/3.22.1/CompilerIdC/a.out"

Compiling the CXX compiler identification source file "CMakeCXXCompilerId.cpp" succeeded.
Compiler: /usr/bin/c++ 
Build flags: 
Id flags:  

The output was:
0


Compilation of the CXX compiler identification source "CMakeCXXCompilerId.cpp" produced "a.out"

The CXX compiler identification is GNU, found in "/home/ethan/jpl/projects/BareMetal/SystemRef/build-fprime-automatic-native/prescan/CMakeFiles/3.22.1/CompilerIdCXX/a.out"

Determining if the include file pthread.h exists passed with the following output:
Change Dir: /home/ethan/jpl/projects/BareMetal/SystemRef/build-fprime-automatic-native/prescan/CMakeFiles/CMakeTmp

Run Build Command(s):/usr/bin/gmake -f Makefile cmTC_88b6d/fast && /usr/bin/gmake  -f CMakeFiles/cmTC_88b6d.dir/build.make CMakeFiles/cmTC_88b6d.dir/build
gmake[1]: Entering directory '/home/ethan/jpl/projects/BareMetal/SystemRef/build-fprime-automatic-native/prescan/CMakeFiles/CMakeTmp'
Building C object CMakeFiles/cmTC_88b6d.dir/CheckIncludeFile.c.o
/usr/bin/cc   -std=c99 -o CMakeFiles/cmTC_88b6d.dir/CheckIncludeFile.c.o -c /home/ethan/jpl/projects/BareMetal/SystemRef/build-fprime-automatic-native/prescan/CMakeFiles/CMakeTmp/CheckIncludeFile.c
Linking C executable cmTC_88b6d
/home/ethan/jpl/projects/BareMetal/venv/lib/python3.10/site-packages/cmake/data/bin/cmake -E cmake_link_script CMakeFiles/cmTC_88b6d.dir/link.txt --verbose=1
/usr/bin/cc CMakeFiles/cmTC_88b6d.dir/CheckIncludeFile.c.o -o cmTC_88b6d 
gmake[1]: Leaving directory '/home/ethan/jpl/projects/BareMetal/SystemRef/build-fprime-automatic-native/prescan/CMakeFiles/CMakeTmp'



Performing C SOURCE FILE Test CMAKE_HAVE_LIBC_PTHREAD succeeded with the following output:
Change Dir: /home/ethan/jpl/projects/BareMetal/SystemRef/build-fprime-automatic-native/prescan/CMakeFiles/CMakeTmp

Run Build Command(s):/usr/bin/gmake -f Makefile cmTC_834f1/fast && /usr/bin/gmake  -f CMakeFiles/cmTC_834f1.dir/build.make CMakeFiles/cmTC_834f1.dir/build
gmake[1]: Entering directory '/home/ethan/jpl/projects/BareMetal/SystemRef/build-fprime-automatic-native/prescan/CMakeFiles/CMakeTmp'
Building C object CMakeFiles/cmTC_834f1.dir/src.c.o
/usr/bin/cc -DCMAKE_HAVE_LIBC_PTHREAD  -std=c99 -o CMakeFiles/cmTC_834f1.dir/src.c.o -c /home/ethan/jpl/projects/BareMetal/SystemRef/build-fprime-automatic-native/prescan/CMakeFiles/CMakeTmp/src.c
Linking C executable cmTC_834f1
/home/ethan/jpl/projects/BareMetal/venv/lib/python3.10/site-packages/cmake/data/bin/cmake -E cmake_link_script CMakeFiles/cmTC_834f1.dir/link.txt --verbose=1
/usr/bin/cc CMakeFiles/cmTC_834f1.dir/src.c.o -o cmTC_834f1 
gmake[1]: Leaving directory '/home/ethan/jpl/projects/BareMetal/SystemRef/build-fprime-automatic-native/prescan/CMakeFiles/CMakeTmp'


Source file was:
#include <pthread.h>

static void* test_func(void* data)
{
  return data;
}

int main(void)
{
  pthread_t thread;
  pthread_create(&thread, NULL, test_func, NULL);
  pthread_detach(thread);
  pthread_cancel(thread);
  pthread_join(thread, NULL);
  pthread_atfork(NULL, NULL, NULL);
  pthread_exit(NULL);

  return 0;
}

