The target system is: ArduinoFw -  - arm
The host system is: Linux - 5.19.0-40-generic - x86_64
Compiling the C compiler identification source file "CMakeCCompilerId.c" succeeded.
Compiler: /home/ethanchee/.arduino15/packages/teensy/tools/teensy-compile/11.3.1/arm/bin/arm-none-eabi-gcc 
Build flags: -O2;-g;-Wall;-ffunction-sections;-fdata-sections;-nostdlib;-MMD;-mthumb;-mcpu=cortex-m7;-mfloat-abi=hard;-mfpu=fpv5-d16;-D__IMXRT1062__;-DTEENSYDUINO=158;-DARDUINO=10607;-DARDUINO_TEENSY41;-DF_CPU=600000000;-DUSB_SERIAL;-DLAYOUT_US_ENGLISH
Id flags:  

The output was:
0
/home/ethanchee/.arduino15/packages/teensy/tools/teensy-compile/11.3.1/arm/bin/../lib/gcc/arm-none-eabi/11.3.1/../../../../arm-none-eabi/bin/ld: warning: cannot find entry symbol _start; defaulting to 0000000000008000


Compilation of the C compiler identification source "CMakeCCompilerId.c" produced "a-CMakeCCompilerId.d"

Compilation of the C compiler identification source "CMakeCCompilerId.c" produced "a.out"

The C compiler identification is GNU, found in "/home/ethanchee/Documents/fprime-projects/fprime-baremetal/SystemRef/build-fprime-automatic-teensy41/CMakeFiles/3.22.1/CompilerIdC/a.out"

Compiling the CXX compiler identification source file "CMakeCXXCompilerId.cpp" succeeded.
Compiler: /home/ethanchee/.arduino15/packages/teensy/tools/teensy-compile/11.3.1/arm/bin/arm-none-eabi-g++ 
Build flags: -O2;-g;-Wall;-ffunction-sections;-fdata-sections;-nostdlib;-MMD;-std=gnu++14;-fno-exceptions;-fpermissive;-fno-rtti;-fno-threadsafe-statics;-felide-constructors;-Wno-error=narrowing;-mthumb;-mcpu=cortex-m7;-mfloat-abi=hard;-mfpu=fpv5-d16;-D__IMXRT1062__;-DTEENSYDUINO=158;-DARDUINO=10607;-DARDUINO_TEENSY41;-DF_CPU=600000000;-DUSB_SERIAL;-DLAYOUT_US_ENGLISH
Id flags:  

The output was:
0
/home/ethanchee/.arduino15/packages/teensy/tools/teensy-compile/11.3.1/arm/bin/../lib/gcc/arm-none-eabi/11.3.1/../../../../arm-none-eabi/bin/ld: warning: cannot find entry symbol _start; defaulting to 0000000000008000


Compilation of the CXX compiler identification source "CMakeCXXCompilerId.cpp" produced "a-CMakeCXXCompilerId.d"

Compilation of the CXX compiler identification source "CMakeCXXCompilerId.cpp" produced "a.out"

The CXX compiler identification is GNU, found in "/home/ethanchee/Documents/fprime-projects/fprime-baremetal/SystemRef/build-fprime-automatic-teensy41/CMakeFiles/3.22.1/CompilerIdCXX/a.out"

Detecting C compiler ABI info compiled with the following output:
Change Dir: /home/ethanchee/Documents/fprime-projects/fprime-baremetal/SystemRef/build-fprime-automatic-teensy41/CMakeFiles/CMakeTmp

Run Build Command(s):/usr/bin/gmake -f Makefile cmTC_44baa/fast && /usr/bin/gmake  -f CMakeFiles/cmTC_44baa.dir/build.make CMakeFiles/cmTC_44baa.dir/build
gmake[1]: Entering directory '/home/ethanchee/Documents/fprime-projects/fprime-baremetal/SystemRef/build-fprime-automatic-teensy41/CMakeFiles/CMakeTmp'
Building C object CMakeFiles/cmTC_44baa.dir/CMakeCCompilerABI.c.obj
/home/ethanchee/.arduino15/packages/teensy/tools/teensy-compile/11.3.1/arm/bin/arm-none-eabi-gcc   -O2 -g -Wall -ffunction-sections -fdata-sections -nostdlib -MMD -mthumb -mcpu=cortex-m7 -mfloat-abi=hard -mfpu=fpv5-d16 -D__IMXRT1062__ -DTEENSYDUINO=158 -DARDUINO=10607 -DARDUINO_TEENSY41 -DF_CPU=600000000 -DUSB_SERIAL -DLAYOUT_US_ENGLISH    -v -o CMakeFiles/cmTC_44baa.dir/CMakeCCompilerABI.c.obj -c /usr/share/cmake-3.22/Modules/CMakeCCompilerABI.c
Using built-in specs.
COLLECT_GCC=/home/ethanchee/.arduino15/packages/teensy/tools/teensy-compile/11.3.1/arm/bin/arm-none-eabi-gcc
Target: arm-none-eabi
Configured with: /data/jenkins/workspace/GNU-toolchain/arm-11/src/gcc/configure --target=arm-none-eabi --prefix=/data/jenkins/workspace/GNU-toolchain/arm-11/build-arm-none-eabi/install --with-gmp=/data/jenkins/workspace/GNU-toolchain/arm-11/build-arm-none-eabi/host-tools --with-mpfr=/data/jenkins/workspace/GNU-toolchain/arm-11/build-arm-none-eabi/host-tools --with-mpc=/data/jenkins/workspace/GNU-toolchain/arm-11/build-arm-none-eabi/host-tools --with-isl=/data/jenkins/workspace/GNU-toolchain/arm-11/build-arm-none-eabi/host-tools --disable-shared --disable-nls --disable-threads --disable-tls --enable-checking=release --enable-languages=c,c++,fortran --with-newlib --with-gnu-as --with-gnu-ld --with-sysroot=/data/jenkins/workspace/GNU-toolchain/arm-11/build-arm-none-eabi/install/arm-none-eabi --with-multilib-list=aprofile,rmprofile --with-pkgversion='Arm GNU Toolchain 11.3.Rel1' --with-bugurl=https://bugs.linaro.org/
Thread model: single
Supported LTO compression algorithms: zlib
gcc version 11.3.1 20220712 (Arm GNU Toolchain 11.3.Rel1) 
COLLECT_GCC_OPTIONS='-O2' '-g' '-Wall' '-ffunction-sections' '-fdata-sections' '-nostdlib' '-MMD' '-mthumb' '-mcpu=cortex-m7' '-mfloat-abi=hard' '-mfpu=fpv5-d16' '-D' '__IMXRT1062__' '-D' 'TEENSYDUINO=158' '-D' 'ARDUINO=10607' '-D' 'ARDUINO_TEENSY41' '-D' 'F_CPU=600000000' '-D' 'USB_SERIAL' '-D' 'LAYOUT_US_ENGLISH' '-v' '-o' 'CMakeFiles/cmTC_44baa.dir/CMakeCCompilerABI.c.obj' '-c' '-mlibarch=armv7e-m+fp.dp' '-march=armv7e-m+fp.dp' '-dumpdir' 'CMakeFiles/cmTC_44baa.dir/'
 /home/ethanchee/.arduino15/packages/teensy/tools/teensy-compile/11.3.1/arm/bin/../libexec/gcc/arm-none-eabi/11.3.1/cc1 -quiet -v -imultilib thumb/v7e-m+dp/hard -iprefix /home/ethanchee/.arduino15/packages/teensy/tools/teensy-compile/11.3.1/arm/bin/../lib/gcc/arm-none-eabi/11.3.1/ -isysroot /home/ethanchee/.arduino15/packages/teensy/tools/teensy-compile/11.3.1/arm/bin/../arm-none-eabi -MMD CMakeFiles/cmTC_44baa.dir/CMakeCCompilerABI.c.d -MQ CMakeFiles/cmTC_44baa.dir/CMakeCCompilerABI.c.obj -D__USES_INITFINI__ -D __IMXRT1062__ -D TEENSYDUINO=158 -D ARDUINO=10607 -D ARDUINO_TEENSY41 -D F_CPU=600000000 -D USB_SERIAL -D LAYOUT_US_ENGLISH /usr/share/cmake-3.22/Modules/CMakeCCompilerABI.c -quiet -dumpdir CMakeFiles/cmTC_44baa.dir/ -dumpbase CMakeCCompilerABI.c.c -dumpbase-ext .c -mthumb -mcpu=cortex-m7 -mfloat-abi=hard -mfpu=fpv5-d16 -mlibarch=armv7e-m+fp.dp -march=armv7e-m+fp.dp -g -O2 -Wall -version -ffunction-sections -fdata-sections -o /tmp/cc54jC6h.s
GNU C17 (Arm GNU Toolchain 11.3.Rel1) version 11.3.1 20220712 (arm-none-eabi)
	compiled by GNU C version 4.8.5 20150623 (Red Hat 4.8.5-44), GMP version 6.2.1, MPFR version 3.1.6, MPC version 1.0.3, isl version isl-0.15-1-g835ea3a-GMP

GGC heuristics: --param ggc-min-expand=100 --param ggc-min-heapsize=131072
ignoring duplicate directory "/home/ethanchee/.arduino15/packages/teensy/tools/teensy-compile/11.3.1/arm/bin/../lib/gcc/../../lib/gcc/arm-none-eabi/11.3.1/include"
ignoring nonexistent directory "/home/ethanchee/.arduino15/packages/teensy/tools/teensy-compile/11.3.1/arm/bin/../arm-none-eabi/usr/local/include"
ignoring duplicate directory "/home/ethanchee/.arduino15/packages/teensy/tools/teensy-compile/11.3.1/arm/bin/../lib/gcc/../../lib/gcc/arm-none-eabi/11.3.1/include-fixed"
ignoring duplicate directory "/home/ethanchee/.arduino15/packages/teensy/tools/teensy-compile/11.3.1/arm/bin/../lib/gcc/../../lib/gcc/arm-none-eabi/11.3.1/../../../../arm-none-eabi/include"
ignoring nonexistent directory "/home/ethanchee/.arduino15/packages/teensy/tools/teensy-compile/11.3.1/arm/bin/../arm-none-eabi/usr/include"
#include "..." search starts here:
#include <...> search starts here:
 /home/ethanchee/.arduino15/packages/teensy/tools/teensy-compile/11.3.1/arm/bin/../lib/gcc/arm-none-eabi/11.3.1/include
 /home/ethanchee/.arduino15/packages/teensy/tools/teensy-compile/11.3.1/arm/bin/../lib/gcc/arm-none-eabi/11.3.1/include-fixed
 /home/ethanchee/.arduino15/packages/teensy/tools/teensy-compile/11.3.1/arm/bin/../lib/gcc/arm-none-eabi/11.3.1/../../../../arm-none-eabi/include
End of search list.
GNU C17 (Arm GNU Toolchain 11.3.Rel1) version 11.3.1 20220712 (arm-none-eabi)
	compiled by GNU C version 4.8.5 20150623 (Red Hat 4.8.5-44), GMP version 6.2.1, MPFR version 3.1.6, MPC version 1.0.3, isl version isl-0.15-1-g835ea3a-GMP

GGC heuristics: --param ggc-min-expand=100 --param ggc-min-heapsize=131072
Compiler executable checksum: 801c9e4705ed9ec92526a3ce66f3ab92
COLLECT_GCC_OPTIONS='-O2' '-g' '-Wall' '-ffunction-sections' '-fdata-sections' '-nostdlib' '-MMD' '-mthumb' '-mcpu=cortex-m7' '-mfloat-abi=hard' '-mfpu=fpv5-d16' '-D' '__IMXRT1062__' '-D' 'TEENSYDUINO=158' '-D' 'ARDUINO=10607' '-D' 'ARDUINO_TEENSY41' '-D' 'F_CPU=600000000' '-D' 'USB_SERIAL' '-D' 'LAYOUT_US_ENGLISH' '-v' '-o' 'CMakeFiles/cmTC_44baa.dir/CMakeCCompilerABI.c.obj' '-c' '-mlibarch=armv7e-m+fp.dp' '-march=armv7e-m+fp.dp' '-dumpdir' 'CMakeFiles/cmTC_44baa.dir/'
 /home/ethanchee/.arduino15/packages/teensy/tools/teensy-compile/11.3.1/arm/bin/../lib/gcc/arm-none-eabi/11.3.1/../../../../arm-none-eabi/bin/as -v -march=armv7e-m -mfloat-abi=hard -mfpu=fpv5-d16 -meabi=5 -o CMakeFiles/cmTC_44baa.dir/CMakeCCompilerABI.c.obj /tmp/cc54jC6h.s
GNU assembler version 2.38 (arm-none-eabi) using BFD version (Arm GNU Toolchain 11.3.Rel1) 2.38.20220708
COMPILER_PATH=/home/ethanchee/.arduino15/packages/teensy/tools/teensy-compile/11.3.1/arm/bin/../libexec/gcc/arm-none-eabi/11.3.1/:/home/ethanchee/.arduino15/packages/teensy/tools/teensy-compile/11.3.1/arm/bin/../libexec/gcc/:/home/ethanchee/.arduino15/packages/teensy/tools/teensy-compile/11.3.1/arm/bin/../lib/gcc/arm-none-eabi/11.3.1/../../../../arm-none-eabi/bin/
LIBRARY_PATH=/home/ethanchee/.arduino15/packages/teensy/tools/teensy-compile/11.3.1/arm/bin/../lib/gcc/arm-none-eabi/11.3.1/thumb/v7e-m+dp/hard/:/home/ethanchee/.arduino15/packages/teensy/tools/teensy-compile/11.3.1/arm/bin/../lib/gcc/arm-none-eabi/11.3.1/../../../../arm-none-eabi/lib/thumb/v7e-m+dp/hard/:/home/ethanchee/.arduino15/packages/teensy/tools/teensy-compile/11.3.1/arm/bin/../arm-none-eabi/lib/thumb/v7e-m+dp/hard/:/home/ethanchee/.arduino15/packages/teensy/tools/teensy-compile/11.3.1/arm/bin/../lib/gcc/arm-none-eabi/11.3.1/:/home/ethanchee/.arduino15/packages/teensy/tools/teensy-compile/11.3.1/arm/bin/../lib/gcc/:/home/ethanchee/.arduino15/packages/teensy/tools/teensy-compile/11.3.1/arm/bin/../lib/gcc/arm-none-eabi/11.3.1/../../../../arm-none-eabi/lib/:/home/ethanchee/.arduino15/packages/teensy/tools/teensy-compile/11.3.1/arm/bin/../arm-none-eabi/lib/
COLLECT_GCC_OPTIONS='-O2' '-g' '-Wall' '-ffunction-sections' '-fdata-sections' '-nostdlib' '-MMD' '-mthumb' '-mcpu=cortex-m7' '-mfloat-abi=hard' '-mfpu=fpv5-d16' '-D' '__IMXRT1062__' '-D' 'TEENSYDUINO=158' '-D' 'ARDUINO=10607' '-D' 'ARDUINO_TEENSY41' '-D' 'F_CPU=600000000' '-D' 'USB_SERIAL' '-D' 'LAYOUT_US_ENGLISH' '-v' '-o' 'CMakeFiles/cmTC_44baa.dir/CMakeCCompilerABI.c.obj' '-c' '-mlibarch=armv7e-m+fp.dp' '-march=armv7e-m+fp.dp' '-dumpdir' 'CMakeFiles/cmTC_44baa.dir/CMakeCCompilerABI.c.'
Linking C static library libcmTC_44baa.a
/usr/bin/cmake -P CMakeFiles/cmTC_44baa.dir/cmake_clean_target.cmake
/usr/bin/cmake -E cmake_link_script CMakeFiles/cmTC_44baa.dir/link.txt --verbose=1
/home/ethanchee/.arduino15/packages/teensy/tools/teensy-compile/11.3.1/arm/bin/arm-none-eabi-gcc-ar rcs libcmTC_44baa.a CMakeFiles/cmTC_44baa.dir/CMakeCCompilerABI.c.obj
/home/ethanchee/.arduino15/packages/teensy/tools/teensy-compile/11.3.1/arm/bin/arm-none-eabi-ranlib libcmTC_44baa.a
gmake[1]: Leaving directory '/home/ethanchee/Documents/fprime-projects/fprime-baremetal/SystemRef/build-fprime-automatic-teensy41/CMakeFiles/CMakeTmp'



Parsed C implicit include dir info from above output: rv=done
  found start of include info
  found start of implicit include info
    add: [/home/ethanchee/.arduino15/packages/teensy/tools/teensy-compile/11.3.1/arm/bin/../lib/gcc/arm-none-eabi/11.3.1/include]
    add: [/home/ethanchee/.arduino15/packages/teensy/tools/teensy-compile/11.3.1/arm/bin/../lib/gcc/arm-none-eabi/11.3.1/include-fixed]
    add: [/home/ethanchee/.arduino15/packages/teensy/tools/teensy-compile/11.3.1/arm/bin/../lib/gcc/arm-none-eabi/11.3.1/../../../../arm-none-eabi/include]
  end of search list found
  collapse include dir [/home/ethanchee/.arduino15/packages/teensy/tools/teensy-compile/11.3.1/arm/bin/../lib/gcc/arm-none-eabi/11.3.1/include] ==> [/home/ethanchee/.arduino15/packages/teensy/tools/teensy-compile/11.3.1/arm/lib/gcc/arm-none-eabi/11.3.1/include]
  collapse include dir [/home/ethanchee/.arduino15/packages/teensy/tools/teensy-compile/11.3.1/arm/bin/../lib/gcc/arm-none-eabi/11.3.1/include-fixed] ==> [/home/ethanchee/.arduino15/packages/teensy/tools/teensy-compile/11.3.1/arm/lib/gcc/arm-none-eabi/11.3.1/include-fixed]
  collapse include dir [/home/ethanchee/.arduino15/packages/teensy/tools/teensy-compile/11.3.1/arm/bin/../lib/gcc/arm-none-eabi/11.3.1/../../../../arm-none-eabi/include] ==> [/home/ethanchee/.arduino15/packages/teensy/tools/teensy-compile/11.3.1/arm/arm-none-eabi/include]
  implicit include dirs: [/home/ethanchee/.arduino15/packages/teensy/tools/teensy-compile/11.3.1/arm/lib/gcc/arm-none-eabi/11.3.1/include;/home/ethanchee/.arduino15/packages/teensy/tools/teensy-compile/11.3.1/arm/lib/gcc/arm-none-eabi/11.3.1/include-fixed;/home/ethanchee/.arduino15/packages/teensy/tools/teensy-compile/11.3.1/arm/arm-none-eabi/include]


Parsed C implicit link information from above output:
  link line regex: [^( *|.*[/\])(arm-none-eabi-gcc|CMAKE_LINK_STARTFILE-NOTFOUND|([^/\]+-)?ld|collect2)[^/\]*( |$)]
  ignore line: [Change Dir: /home/ethanchee/Documents/fprime-projects/fprime-baremetal/SystemRef/build-fprime-automatic-teensy41/CMakeFiles/CMakeTmp]
  ignore line: []
  ignore line: [Run Build Command(s):/usr/bin/gmake -f Makefile cmTC_44baa/fast && /usr/bin/gmake  -f CMakeFiles/cmTC_44baa.dir/build.make CMakeFiles/cmTC_44baa.dir/build]
  ignore line: [gmake[1]: Entering directory '/home/ethanchee/Documents/fprime-projects/fprime-baremetal/SystemRef/build-fprime-automatic-teensy41/CMakeFiles/CMakeTmp']
  ignore line: [Building C object CMakeFiles/cmTC_44baa.dir/CMakeCCompilerABI.c.obj]
  link line: [/home/ethanchee/.arduino15/packages/teensy/tools/teensy-compile/11.3.1/arm/bin/arm-none-eabi-gcc   -O2 -g -Wall -ffunction-sections -fdata-sections -nostdlib -MMD -mthumb -mcpu=cortex-m7 -mfloat-abi=hard -mfpu=fpv5-d16 -D__IMXRT1062__ -DTEENSYDUINO=158 -DARDUINO=10607 -DARDUINO_TEENSY41 -DF_CPU=600000000 -DUSB_SERIAL -DLAYOUT_US_ENGLISH    -v -o CMakeFiles/cmTC_44baa.dir/CMakeCCompilerABI.c.obj -c /usr/share/cmake-3.22/Modules/CMakeCCompilerABI.c]
    arg [/home/ethanchee/.arduino15/packages/teensy/tools/teensy-compile/11.3.1/arm/bin/arm-none-eabi-gcc] ==> ignore
    arg [-O2] ==> ignore
    arg [-g] ==> ignore
    arg [-Wall] ==> ignore
    arg [-ffunction-sections] ==> ignore
    arg [-fdata-sections] ==> ignore
    arg [-nostdlib] ==> ignore
    arg [-MMD] ==> ignore
    arg [-mthumb] ==> ignore
    arg [-mcpu=cortex-m7] ==> ignore
    arg [-mfloat-abi=hard] ==> ignore
    arg [-mfpu=fpv5-d16] ==> ignore
    arg [-D__IMXRT1062__] ==> ignore
    arg [-DTEENSYDUINO=158] ==> ignore
    arg [-DARDUINO=10607] ==> ignore
    arg [-DARDUINO_TEENSY41] ==> ignore
    arg [-DF_CPU=600000000] ==> ignore
    arg [-DUSB_SERIAL] ==> ignore
    arg [-DLAYOUT_US_ENGLISH] ==> ignore
    arg [-v] ==> ignore
    arg [-o] ==> ignore
    arg [CMakeFiles/cmTC_44baa.dir/CMakeCCompilerABI.c.obj] ==> ignore
    arg [-c] ==> ignore
    arg [/usr/share/cmake-3.22/Modules/CMakeCCompilerABI.c] ==> ignore
  implicit libs: []
  implicit objs: []
  implicit dirs: []
  implicit fwks: []


Detecting CXX compiler ABI info compiled with the following output:
Change Dir: /home/ethanchee/Documents/fprime-projects/fprime-baremetal/SystemRef/build-fprime-automatic-teensy41/CMakeFiles/CMakeTmp

Run Build Command(s):/usr/bin/gmake -f Makefile cmTC_671ac/fast && /usr/bin/gmake  -f CMakeFiles/cmTC_671ac.dir/build.make CMakeFiles/cmTC_671ac.dir/build
gmake[1]: Entering directory '/home/ethanchee/Documents/fprime-projects/fprime-baremetal/SystemRef/build-fprime-automatic-teensy41/CMakeFiles/CMakeTmp'
Building CXX object CMakeFiles/cmTC_671ac.dir/CMakeCXXCompilerABI.cpp.obj
/home/ethanchee/.arduino15/packages/teensy/tools/teensy-compile/11.3.1/arm/bin/arm-none-eabi-g++   -O2 -g -Wall -ffunction-sections -fdata-sections -nostdlib -MMD -std=gnu++14 -fno-exceptions -fpermissive -fno-rtti -fno-threadsafe-statics -felide-constructors -Wno-error=narrowing -mthumb -mcpu=cortex-m7 -mfloat-abi=hard -mfpu=fpv5-d16 -D__IMXRT1062__ -DTEENSYDUINO=158 -DARDUINO=10607 -DARDUINO_TEENSY41 -DF_CPU=600000000 -DUSB_SERIAL -DLAYOUT_US_ENGLISH    -v -o CMakeFiles/cmTC_671ac.dir/CMakeCXXCompilerABI.cpp.obj -c /usr/share/cmake-3.22/Modules/CMakeCXXCompilerABI.cpp
Using built-in specs.
COLLECT_GCC=/home/ethanchee/.arduino15/packages/teensy/tools/teensy-compile/11.3.1/arm/bin/arm-none-eabi-g++
Target: arm-none-eabi
Configured with: /data/jenkins/workspace/GNU-toolchain/arm-11/src/gcc/configure --target=arm-none-eabi --prefix=/data/jenkins/workspace/GNU-toolchain/arm-11/build-arm-none-eabi/install --with-gmp=/data/jenkins/workspace/GNU-toolchain/arm-11/build-arm-none-eabi/host-tools --with-mpfr=/data/jenkins/workspace/GNU-toolchain/arm-11/build-arm-none-eabi/host-tools --with-mpc=/data/jenkins/workspace/GNU-toolchain/arm-11/build-arm-none-eabi/host-tools --with-isl=/data/jenkins/workspace/GNU-toolchain/arm-11/build-arm-none-eabi/host-tools --disable-shared --disable-nls --disable-threads --disable-tls --enable-checking=release --enable-languages=c,c++,fortran --with-newlib --with-gnu-as --with-gnu-ld --with-sysroot=/data/jenkins/workspace/GNU-toolchain/arm-11/build-arm-none-eabi/install/arm-none-eabi --with-multilib-list=aprofile,rmprofile --with-pkgversion='Arm GNU Toolchain 11.3.Rel1' --with-bugurl=https://bugs.linaro.org/
Thread model: single
Supported LTO compression algorithms: zlib
gcc version 11.3.1 20220712 (Arm GNU Toolchain 11.3.Rel1) 
COLLECT_GCC_OPTIONS='-O2' '-g' '-Wall' '-ffunction-sections' '-fdata-sections' '-nostdlib' '-MMD' '-std=gnu++14' '-fno-exceptions' '-fpermissive' '-fno-rtti' '-fno-threadsafe-statics' '-felide-constructors' '-Wno-error=narrowing' '-mthumb' '-mcpu=cortex-m7' '-mfloat-abi=hard' '-mfpu=fpv5-d16' '-D' '__IMXRT1062__' '-D' 'TEENSYDUINO=158' '-D' 'ARDUINO=10607' '-D' 'ARDUINO_TEENSY41' '-D' 'F_CPU=600000000' '-D' 'USB_SERIAL' '-D' 'LAYOUT_US_ENGLISH' '-v' '-o' 'CMakeFiles/cmTC_671ac.dir/CMakeCXXCompilerABI.cpp.obj' '-c' '-mlibarch=armv7e-m+fp.dp' '-march=armv7e-m+fp.dp' '-dumpdir' 'CMakeFiles/cmTC_671ac.dir/'
 /home/ethanchee/.arduino15/packages/teensy/tools/teensy-compile/11.3.1/arm/bin/../libexec/gcc/arm-none-eabi/11.3.1/cc1plus -quiet -v -imultilib thumb/v7e-m+dp/hard -iprefix /home/ethanchee/.arduino15/packages/teensy/tools/teensy-compile/11.3.1/arm/bin/../lib/gcc/arm-none-eabi/11.3.1/ -isysroot /home/ethanchee/.arduino15/packages/teensy/tools/teensy-compile/11.3.1/arm/bin/../arm-none-eabi -MMD CMakeFiles/cmTC_671ac.dir/CMakeCXXCompilerABI.cpp.d -MQ CMakeFiles/cmTC_671ac.dir/CMakeCXXCompilerABI.cpp.obj -D__USES_INITFINI__ -D __IMXRT1062__ -D TEENSYDUINO=158 -D ARDUINO=10607 -D ARDUINO_TEENSY41 -D F_CPU=600000000 -D USB_SERIAL -D LAYOUT_US_ENGLISH /usr/share/cmake-3.22/Modules/CMakeCXXCompilerABI.cpp -quiet -dumpdir CMakeFiles/cmTC_671ac.dir/ -dumpbase CMakeCXXCompilerABI.cpp.cpp -dumpbase-ext .cpp -mthumb -mcpu=cortex-m7 -mfloat-abi=hard -mfpu=fpv5-d16 -mlibarch=armv7e-m+fp.dp -march=armv7e-m+fp.dp -g -O2 -Wall -Wno-error=narrowing -std=gnu++14 -version -ffunction-sections -fdata-sections -fno-exceptions -fpermissive -fno-rtti -fno-threadsafe-statics -felide-constructors -o /tmp/ccZw5OGx.s
GNU C++14 (Arm GNU Toolchain 11.3.Rel1) version 11.3.1 20220712 (arm-none-eabi)
	compiled by GNU C version 4.8.5 20150623 (Red Hat 4.8.5-44), GMP version 6.2.1, MPFR version 3.1.6, MPC version 1.0.3, isl version isl-0.15-1-g835ea3a-GMP

GGC heuristics: --param ggc-min-expand=100 --param ggc-min-heapsize=131072
ignoring duplicate directory "/home/ethanchee/.arduino15/packages/teensy/tools/teensy-compile/11.3.1/arm/bin/../lib/gcc/../../lib/gcc/arm-none-eabi/11.3.1/../../../../arm-none-eabi/include/c++/11.3.1"
ignoring duplicate directory "/home/ethanchee/.arduino15/packages/teensy/tools/teensy-compile/11.3.1/arm/bin/../lib/gcc/../../lib/gcc/arm-none-eabi/11.3.1/../../../../arm-none-eabi/include/c++/11.3.1/arm-none-eabi/thumb/v7e-m+dp/hard"
ignoring duplicate directory "/home/ethanchee/.arduino15/packages/teensy/tools/teensy-compile/11.3.1/arm/bin/../lib/gcc/../../lib/gcc/arm-none-eabi/11.3.1/../../../../arm-none-eabi/include/c++/11.3.1/backward"
ignoring duplicate directory "/home/ethanchee/.arduino15/packages/teensy/tools/teensy-compile/11.3.1/arm/bin/../lib/gcc/../../lib/gcc/arm-none-eabi/11.3.1/include"
ignoring nonexistent directory "/home/ethanchee/.arduino15/packages/teensy/tools/teensy-compile/11.3.1/arm/bin/../arm-none-eabi/usr/local/include"
ignoring duplicate directory "/home/ethanchee/.arduino15/packages/teensy/tools/teensy-compile/11.3.1/arm/bin/../lib/gcc/../../lib/gcc/arm-none-eabi/11.3.1/include-fixed"
ignoring duplicate directory "/home/ethanchee/.arduino15/packages/teensy/tools/teensy-compile/11.3.1/arm/bin/../lib/gcc/../../lib/gcc/arm-none-eabi/11.3.1/../../../../arm-none-eabi/include"
ignoring nonexistent directory "/home/ethanchee/.arduino15/packages/teensy/tools/teensy-compile/11.3.1/arm/bin/../arm-none-eabi/usr/include"
#include "..." search starts here:
#include <...> search starts here:
 /home/ethanchee/.arduino15/packages/teensy/tools/teensy-compile/11.3.1/arm/bin/../lib/gcc/arm-none-eabi/11.3.1/../../../../arm-none-eabi/include/c++/11.3.1
 /home/ethanchee/.arduino15/packages/teensy/tools/teensy-compile/11.3.1/arm/bin/../lib/gcc/arm-none-eabi/11.3.1/../../../../arm-none-eabi/include/c++/11.3.1/arm-none-eabi/thumb/v7e-m+dp/hard
 /home/ethanchee/.arduino15/packages/teensy/tools/teensy-compile/11.3.1/arm/bin/../lib/gcc/arm-none-eabi/11.3.1/../../../../arm-none-eabi/include/c++/11.3.1/backward
 /home/ethanchee/.arduino15/packages/teensy/tools/teensy-compile/11.3.1/arm/bin/../lib/gcc/arm-none-eabi/11.3.1/include
 /home/ethanchee/.arduino15/packages/teensy/tools/teensy-compile/11.3.1/arm/bin/../lib/gcc/arm-none-eabi/11.3.1/include-fixed
 /home/ethanchee/.arduino15/packages/teensy/tools/teensy-compile/11.3.1/arm/bin/../lib/gcc/arm-none-eabi/11.3.1/../../../../arm-none-eabi/include
End of search list.
GNU C++14 (Arm GNU Toolchain 11.3.Rel1) version 11.3.1 20220712 (arm-none-eabi)
	compiled by GNU C version 4.8.5 20150623 (Red Hat 4.8.5-44), GMP version 6.2.1, MPFR version 3.1.6, MPC version 1.0.3, isl version isl-0.15-1-g835ea3a-GMP

GGC heuristics: --param ggc-min-expand=100 --param ggc-min-heapsize=131072
Compiler executable checksum: 4ad1443e6a345a117fb272ac1069ae94
COLLECT_GCC_OPTIONS='-O2' '-g' '-Wall' '-ffunction-sections' '-fdata-sections' '-nostdlib' '-MMD' '-std=gnu++14' '-fno-exceptions' '-fpermissive' '-fno-rtti' '-fno-threadsafe-statics' '-felide-constructors' '-Wno-error=narrowing' '-mthumb' '-mcpu=cortex-m7' '-mfloat-abi=hard' '-mfpu=fpv5-d16' '-D' '__IMXRT1062__' '-D' 'TEENSYDUINO=158' '-D' 'ARDUINO=10607' '-D' 'ARDUINO_TEENSY41' '-D' 'F_CPU=600000000' '-D' 'USB_SERIAL' '-D' 'LAYOUT_US_ENGLISH' '-v' '-o' 'CMakeFiles/cmTC_671ac.dir/CMakeCXXCompilerABI.cpp.obj' '-c' '-mlibarch=armv7e-m+fp.dp' '-march=armv7e-m+fp.dp' '-dumpdir' 'CMakeFiles/cmTC_671ac.dir/'
 /home/ethanchee/.arduino15/packages/teensy/tools/teensy-compile/11.3.1/arm/bin/../lib/gcc/arm-none-eabi/11.3.1/../../../../arm-none-eabi/bin/as -v -march=armv7e-m -mfloat-abi=hard -mfpu=fpv5-d16 -meabi=5 -o CMakeFiles/cmTC_671ac.dir/CMakeCXXCompilerABI.cpp.obj /tmp/ccZw5OGx.s
GNU assembler version 2.38 (arm-none-eabi) using BFD version (Arm GNU Toolchain 11.3.Rel1) 2.38.20220708
COMPILER_PATH=/home/ethanchee/.arduino15/packages/teensy/tools/teensy-compile/11.3.1/arm/bin/../libexec/gcc/arm-none-eabi/11.3.1/:/home/ethanchee/.arduino15/packages/teensy/tools/teensy-compile/11.3.1/arm/bin/../libexec/gcc/:/home/ethanchee/.arduino15/packages/teensy/tools/teensy-compile/11.3.1/arm/bin/../lib/gcc/arm-none-eabi/11.3.1/../../../../arm-none-eabi/bin/
LIBRARY_PATH=/home/ethanchee/.arduino15/packages/teensy/tools/teensy-compile/11.3.1/arm/bin/../lib/gcc/arm-none-eabi/11.3.1/thumb/v7e-m+dp/hard/:/home/ethanchee/.arduino15/packages/teensy/tools/teensy-compile/11.3.1/arm/bin/../lib/gcc/arm-none-eabi/11.3.1/../../../../arm-none-eabi/lib/thumb/v7e-m+dp/hard/:/home/ethanchee/.arduino15/packages/teensy/tools/teensy-compile/11.3.1/arm/bin/../arm-none-eabi/lib/thumb/v7e-m+dp/hard/:/home/ethanchee/.arduino15/packages/teensy/tools/teensy-compile/11.3.1/arm/bin/../lib/gcc/arm-none-eabi/11.3.1/:/home/ethanchee/.arduino15/packages/teensy/tools/teensy-compile/11.3.1/arm/bin/../lib/gcc/:/home/ethanchee/.arduino15/packages/teensy/tools/teensy-compile/11.3.1/arm/bin/../lib/gcc/arm-none-eabi/11.3.1/../../../../arm-none-eabi/lib/:/home/ethanchee/.arduino15/packages/teensy/tools/teensy-compile/11.3.1/arm/bin/../arm-none-eabi/lib/
COLLECT_GCC_OPTIONS='-O2' '-g' '-Wall' '-ffunction-sections' '-fdata-sections' '-nostdlib' '-MMD' '-std=gnu++14' '-fno-exceptions' '-fpermissive' '-fno-rtti' '-fno-threadsafe-statics' '-felide-constructors' '-Wno-error=narrowing' '-mthumb' '-mcpu=cortex-m7' '-mfloat-abi=hard' '-mfpu=fpv5-d16' '-D' '__IMXRT1062__' '-D' 'TEENSYDUINO=158' '-D' 'ARDUINO=10607' '-D' 'ARDUINO_TEENSY41' '-D' 'F_CPU=600000000' '-D' 'USB_SERIAL' '-D' 'LAYOUT_US_ENGLISH' '-v' '-o' 'CMakeFiles/cmTC_671ac.dir/CMakeCXXCompilerABI.cpp.obj' '-c' '-mlibarch=armv7e-m+fp.dp' '-march=armv7e-m+fp.dp' '-dumpdir' 'CMakeFiles/cmTC_671ac.dir/CMakeCXXCompilerABI.cpp.'
Linking CXX static library libcmTC_671ac.a
/usr/bin/cmake -P CMakeFiles/cmTC_671ac.dir/cmake_clean_target.cmake
/usr/bin/cmake -E cmake_link_script CMakeFiles/cmTC_671ac.dir/link.txt --verbose=1
/home/ethanchee/.arduino15/packages/teensy/tools/teensy-compile/11.3.1/arm/bin/arm-none-eabi-gcc-ar rcs libcmTC_671ac.a CMakeFiles/cmTC_671ac.dir/CMakeCXXCompilerABI.cpp.obj
/home/ethanchee/.arduino15/packages/teensy/tools/teensy-compile/11.3.1/arm/bin/arm-none-eabi-ranlib libcmTC_671ac.a
gmake[1]: Leaving directory '/home/ethanchee/Documents/fprime-projects/fprime-baremetal/SystemRef/build-fprime-automatic-teensy41/CMakeFiles/CMakeTmp'



Parsed CXX implicit include dir info from above output: rv=done
  found start of include info
  found start of implicit include info
    add: [/home/ethanchee/.arduino15/packages/teensy/tools/teensy-compile/11.3.1/arm/bin/../lib/gcc/arm-none-eabi/11.3.1/../../../../arm-none-eabi/include/c++/11.3.1]
    add: [/home/ethanchee/.arduino15/packages/teensy/tools/teensy-compile/11.3.1/arm/bin/../lib/gcc/arm-none-eabi/11.3.1/../../../../arm-none-eabi/include/c++/11.3.1/arm-none-eabi/thumb/v7e-m+dp/hard]
    add: [/home/ethanchee/.arduino15/packages/teensy/tools/teensy-compile/11.3.1/arm/bin/../lib/gcc/arm-none-eabi/11.3.1/../../../../arm-none-eabi/include/c++/11.3.1/backward]
    add: [/home/ethanchee/.arduino15/packages/teensy/tools/teensy-compile/11.3.1/arm/bin/../lib/gcc/arm-none-eabi/11.3.1/include]
    add: [/home/ethanchee/.arduino15/packages/teensy/tools/teensy-compile/11.3.1/arm/bin/../lib/gcc/arm-none-eabi/11.3.1/include-fixed]
    add: [/home/ethanchee/.arduino15/packages/teensy/tools/teensy-compile/11.3.1/arm/bin/../lib/gcc/arm-none-eabi/11.3.1/../../../../arm-none-eabi/include]
  end of search list found
  collapse include dir [/home/ethanchee/.arduino15/packages/teensy/tools/teensy-compile/11.3.1/arm/bin/../lib/gcc/arm-none-eabi/11.3.1/../../../../arm-none-eabi/include/c++/11.3.1] ==> [/home/ethanchee/.arduino15/packages/teensy/tools/teensy-compile/11.3.1/arm/arm-none-eabi/include/c++/11.3.1]
  collapse include dir [/home/ethanchee/.arduino15/packages/teensy/tools/teensy-compile/11.3.1/arm/bin/../lib/gcc/arm-none-eabi/11.3.1/../../../../arm-none-eabi/include/c++/11.3.1/arm-none-eabi/thumb/v7e-m+dp/hard] ==> [/home/ethanchee/.arduino15/packages/teensy/tools/teensy-compile/11.3.1/arm/arm-none-eabi/include/c++/11.3.1/arm-none-eabi/thumb/v7e-m+dp/hard]
  collapse include dir [/home/ethanchee/.arduino15/packages/teensy/tools/teensy-compile/11.3.1/arm/bin/../lib/gcc/arm-none-eabi/11.3.1/../../../../arm-none-eabi/include/c++/11.3.1/backward] ==> [/home/ethanchee/.arduino15/packages/teensy/tools/teensy-compile/11.3.1/arm/arm-none-eabi/include/c++/11.3.1/backward]
  collapse include dir [/home/ethanchee/.arduino15/packages/teensy/tools/teensy-compile/11.3.1/arm/bin/../lib/gcc/arm-none-eabi/11.3.1/include] ==> [/home/ethanchee/.arduino15/packages/teensy/tools/teensy-compile/11.3.1/arm/lib/gcc/arm-none-eabi/11.3.1/include]
  collapse include dir [/home/ethanchee/.arduino15/packages/teensy/tools/teensy-compile/11.3.1/arm/bin/../lib/gcc/arm-none-eabi/11.3.1/include-fixed] ==> [/home/ethanchee/.arduino15/packages/teensy/tools/teensy-compile/11.3.1/arm/lib/gcc/arm-none-eabi/11.3.1/include-fixed]
  collapse include dir [/home/ethanchee/.arduino15/packages/teensy/tools/teensy-compile/11.3.1/arm/bin/../lib/gcc/arm-none-eabi/11.3.1/../../../../arm-none-eabi/include] ==> [/home/ethanchee/.arduino15/packages/teensy/tools/teensy-compile/11.3.1/arm/arm-none-eabi/include]
  implicit include dirs: [/home/ethanchee/.arduino15/packages/teensy/tools/teensy-compile/11.3.1/arm/arm-none-eabi/include/c++/11.3.1;/home/ethanchee/.arduino15/packages/teensy/tools/teensy-compile/11.3.1/arm/arm-none-eabi/include/c++/11.3.1/arm-none-eabi/thumb/v7e-m+dp/hard;/home/ethanchee/.arduino15/packages/teensy/tools/teensy-compile/11.3.1/arm/arm-none-eabi/include/c++/11.3.1/backward;/home/ethanchee/.arduino15/packages/teensy/tools/teensy-compile/11.3.1/arm/lib/gcc/arm-none-eabi/11.3.1/include;/home/ethanchee/.arduino15/packages/teensy/tools/teensy-compile/11.3.1/arm/lib/gcc/arm-none-eabi/11.3.1/include-fixed;/home/ethanchee/.arduino15/packages/teensy/tools/teensy-compile/11.3.1/arm/arm-none-eabi/include]


Parsed CXX implicit link information from above output:
  link line regex: [^( *|.*[/\])(arm-none-eabi-gcc|CMAKE_LINK_STARTFILE-NOTFOUND|([^/\]+-)?ld|collect2)[^/\]*( |$)]
  ignore line: [Change Dir: /home/ethanchee/Documents/fprime-projects/fprime-baremetal/SystemRef/build-fprime-automatic-teensy41/CMakeFiles/CMakeTmp]
  ignore line: []
  ignore line: [Run Build Command(s):/usr/bin/gmake -f Makefile cmTC_671ac/fast && /usr/bin/gmake  -f CMakeFiles/cmTC_671ac.dir/build.make CMakeFiles/cmTC_671ac.dir/build]
  ignore line: [gmake[1]: Entering directory '/home/ethanchee/Documents/fprime-projects/fprime-baremetal/SystemRef/build-fprime-automatic-teensy41/CMakeFiles/CMakeTmp']
  ignore line: [Building CXX object CMakeFiles/cmTC_671ac.dir/CMakeCXXCompilerABI.cpp.obj]
  ignore line: [/home/ethanchee/.arduino15/packages/teensy/tools/teensy-compile/11.3.1/arm/bin/arm-none-eabi-g++   -O2 -g -Wall -ffunction-sections -fdata-sections -nostdlib -MMD -std=gnu++14 -fno-exceptions -fpermissive -fno-rtti -fno-threadsafe-statics -felide-constructors -Wno-error=narrowing -mthumb -mcpu=cortex-m7 -mfloat-abi=hard -mfpu=fpv5-d16 -D__IMXRT1062__ -DTEENSYDUINO=158 -DARDUINO=10607 -DARDUINO_TEENSY41 -DF_CPU=600000000 -DUSB_SERIAL -DLAYOUT_US_ENGLISH    -v -o CMakeFiles/cmTC_671ac.dir/CMakeCXXCompilerABI.cpp.obj -c /usr/share/cmake-3.22/Modules/CMakeCXXCompilerABI.cpp]
  ignore line: [Using built-in specs.]
  ignore line: [COLLECT_GCC=/home/ethanchee/.arduino15/packages/teensy/tools/teensy-compile/11.3.1/arm/bin/arm-none-eabi-g++]
  ignore line: [Target: arm-none-eabi]
  ignore line: [Configured with: /data/jenkins/workspace/GNU-toolchain/arm-11/src/gcc/configure --target=arm-none-eabi --prefix=/data/jenkins/workspace/GNU-toolchain/arm-11/build-arm-none-eabi/install --with-gmp=/data/jenkins/workspace/GNU-toolchain/arm-11/build-arm-none-eabi/host-tools --with-mpfr=/data/jenkins/workspace/GNU-toolchain/arm-11/build-arm-none-eabi/host-tools --with-mpc=/data/jenkins/workspace/GNU-toolchain/arm-11/build-arm-none-eabi/host-tools --with-isl=/data/jenkins/workspace/GNU-toolchain/arm-11/build-arm-none-eabi/host-tools --disable-shared --disable-nls --disable-threads --disable-tls --enable-checking=release --enable-languages=c,c++,fortran --with-newlib --with-gnu-as --with-gnu-ld --with-sysroot=/data/jenkins/workspace/GNU-toolchain/arm-11/build-arm-none-eabi/install/arm-none-eabi --with-multilib-list=aprofile,rmprofile --with-pkgversion='Arm GNU Toolchain 11.3.Rel1' --with-bugurl=https://bugs.linaro.org/]
  ignore line: [Thread model: single]
  ignore line: [Supported LTO compression algorithms: zlib]
  ignore line: [gcc version 11.3.1 20220712 (Arm GNU Toolchain 11.3.Rel1) ]
  ignore line: [COLLECT_GCC_OPTIONS='-O2' '-g' '-Wall' '-ffunction-sections' '-fdata-sections' '-nostdlib' '-MMD' '-std=gnu++14' '-fno-exceptions' '-fpermissive' '-fno-rtti' '-fno-threadsafe-statics' '-felide-constructors' '-Wno-error=narrowing' '-mthumb' '-mcpu=cortex-m7' '-mfloat-abi=hard' '-mfpu=fpv5-d16' '-D' '__IMXRT1062__' '-D' 'TEENSYDUINO=158' '-D' 'ARDUINO=10607' '-D' 'ARDUINO_TEENSY41' '-D' 'F_CPU=600000000' '-D' 'USB_SERIAL' '-D' 'LAYOUT_US_ENGLISH' '-v' '-o' 'CMakeFiles/cmTC_671ac.dir/CMakeCXXCompilerABI.cpp.obj' '-c' '-mlibarch=armv7e-m+fp.dp' '-march=armv7e-m+fp.dp' '-dumpdir' 'CMakeFiles/cmTC_671ac.dir/']
  ignore line: [ /home/ethanchee/.arduino15/packages/teensy/tools/teensy-compile/11.3.1/arm/bin/../libexec/gcc/arm-none-eabi/11.3.1/cc1plus -quiet -v -imultilib thumb/v7e-m+dp/hard -iprefix /home/ethanchee/.arduino15/packages/teensy/tools/teensy-compile/11.3.1/arm/bin/../lib/gcc/arm-none-eabi/11.3.1/ -isysroot /home/ethanchee/.arduino15/packages/teensy/tools/teensy-compile/11.3.1/arm/bin/../arm-none-eabi -MMD CMakeFiles/cmTC_671ac.dir/CMakeCXXCompilerABI.cpp.d -MQ CMakeFiles/cmTC_671ac.dir/CMakeCXXCompilerABI.cpp.obj -D__USES_INITFINI__ -D __IMXRT1062__ -D TEENSYDUINO=158 -D ARDUINO=10607 -D ARDUINO_TEENSY41 -D F_CPU=600000000 -D USB_SERIAL -D LAYOUT_US_ENGLISH /usr/share/cmake-3.22/Modules/CMakeCXXCompilerABI.cpp -quiet -dumpdir CMakeFiles/cmTC_671ac.dir/ -dumpbase CMakeCXXCompilerABI.cpp.cpp -dumpbase-ext .cpp -mthumb -mcpu=cortex-m7 -mfloat-abi=hard -mfpu=fpv5-d16 -mlibarch=armv7e-m+fp.dp -march=armv7e-m+fp.dp -g -O2 -Wall -Wno-error=narrowing -std=gnu++14 -version -ffunction-sections -fdata-sections -fno-exceptions -fpermissive -fno-rtti -fno-threadsafe-statics -felide-constructors -o /tmp/ccZw5OGx.s]
  ignore line: [GNU C++14 (Arm GNU Toolchain 11.3.Rel1) version 11.3.1 20220712 (arm-none-eabi)]
  ignore line: [	compiled by GNU C version 4.8.5 20150623 (Red Hat 4.8.5-44)  GMP version 6.2.1  MPFR version 3.1.6  MPC version 1.0.3  isl version isl-0.15-1-g835ea3a-GMP]
  ignore line: []
  ignore line: [GGC heuristics: --param ggc-min-expand=100 --param ggc-min-heapsize=131072]
  ignore line: [ignoring duplicate directory "/home/ethanchee/.arduino15/packages/teensy/tools/teensy-compile/11.3.1/arm/bin/../lib/gcc/../../lib/gcc/arm-none-eabi/11.3.1/../../../../arm-none-eabi/include/c++/11.3.1"]
  ignore line: [ignoring duplicate directory "/home/ethanchee/.arduino15/packages/teensy/tools/teensy-compile/11.3.1/arm/bin/../lib/gcc/../../lib/gcc/arm-none-eabi/11.3.1/../../../../arm-none-eabi/include/c++/11.3.1/arm-none-eabi/thumb/v7e-m+dp/hard"]
  ignore line: [ignoring duplicate directory "/home/ethanchee/.arduino15/packages/teensy/tools/teensy-compile/11.3.1/arm/bin/../lib/gcc/../../lib/gcc/arm-none-eabi/11.3.1/../../../../arm-none-eabi/include/c++/11.3.1/backward"]
  ignore line: [ignoring duplicate directory "/home/ethanchee/.arduino15/packages/teensy/tools/teensy-compile/11.3.1/arm/bin/../lib/gcc/../../lib/gcc/arm-none-eabi/11.3.1/include"]
  ignore line: [ignoring nonexistent directory "/home/ethanchee/.arduino15/packages/teensy/tools/teensy-compile/11.3.1/arm/bin/../arm-none-eabi/usr/local/include"]
  ignore line: [ignoring duplicate directory "/home/ethanchee/.arduino15/packages/teensy/tools/teensy-compile/11.3.1/arm/bin/../lib/gcc/../../lib/gcc/arm-none-eabi/11.3.1/include-fixed"]
  ignore line: [ignoring duplicate directory "/home/ethanchee/.arduino15/packages/teensy/tools/teensy-compile/11.3.1/arm/bin/../lib/gcc/../../lib/gcc/arm-none-eabi/11.3.1/../../../../arm-none-eabi/include"]
  ignore line: [ignoring nonexistent directory "/home/ethanchee/.arduino15/packages/teensy/tools/teensy-compile/11.3.1/arm/bin/../arm-none-eabi/usr/include"]
  ignore line: [#include "..." search starts here:]
  ignore line: [#include <...> search starts here:]
  ignore line: [ /home/ethanchee/.arduino15/packages/teensy/tools/teensy-compile/11.3.1/arm/bin/../lib/gcc/arm-none-eabi/11.3.1/../../../../arm-none-eabi/include/c++/11.3.1]
  ignore line: [ /home/ethanchee/.arduino15/packages/teensy/tools/teensy-compile/11.3.1/arm/bin/../lib/gcc/arm-none-eabi/11.3.1/../../../../arm-none-eabi/include/c++/11.3.1/arm-none-eabi/thumb/v7e-m+dp/hard]
  ignore line: [ /home/ethanchee/.arduino15/packages/teensy/tools/teensy-compile/11.3.1/arm/bin/../lib/gcc/arm-none-eabi/11.3.1/../../../../arm-none-eabi/include/c++/11.3.1/backward]
  ignore line: [ /home/ethanchee/.arduino15/packages/teensy/tools/teensy-compile/11.3.1/arm/bin/../lib/gcc/arm-none-eabi/11.3.1/include]
  ignore line: [ /home/ethanchee/.arduino15/packages/teensy/tools/teensy-compile/11.3.1/arm/bin/../lib/gcc/arm-none-eabi/11.3.1/include-fixed]
  ignore line: [ /home/ethanchee/.arduino15/packages/teensy/tools/teensy-compile/11.3.1/arm/bin/../lib/gcc/arm-none-eabi/11.3.1/../../../../arm-none-eabi/include]
  ignore line: [End of search list.]
  ignore line: [GNU C++14 (Arm GNU Toolchain 11.3.Rel1) version 11.3.1 20220712 (arm-none-eabi)]
  ignore line: [	compiled by GNU C version 4.8.5 20150623 (Red Hat 4.8.5-44)  GMP version 6.2.1  MPFR version 3.1.6  MPC version 1.0.3  isl version isl-0.15-1-g835ea3a-GMP]
  ignore line: []
  ignore line: [GGC heuristics: --param ggc-min-expand=100 --param ggc-min-heapsize=131072]
  ignore line: [Compiler executable checksum: 4ad1443e6a345a117fb272ac1069ae94]
  ignore line: [COLLECT_GCC_OPTIONS='-O2' '-g' '-Wall' '-ffunction-sections' '-fdata-sections' '-nostdlib' '-MMD' '-std=gnu++14' '-fno-exceptions' '-fpermissive' '-fno-rtti' '-fno-threadsafe-statics' '-felide-constructors' '-Wno-error=narrowing' '-mthumb' '-mcpu=cortex-m7' '-mfloat-abi=hard' '-mfpu=fpv5-d16' '-D' '__IMXRT1062__' '-D' 'TEENSYDUINO=158' '-D' 'ARDUINO=10607' '-D' 'ARDUINO_TEENSY41' '-D' 'F_CPU=600000000' '-D' 'USB_SERIAL' '-D' 'LAYOUT_US_ENGLISH' '-v' '-o' 'CMakeFiles/cmTC_671ac.dir/CMakeCXXCompilerABI.cpp.obj' '-c' '-mlibarch=armv7e-m+fp.dp' '-march=armv7e-m+fp.dp' '-dumpdir' 'CMakeFiles/cmTC_671ac.dir/']
  ignore line: [ /home/ethanchee/.arduino15/packages/teensy/tools/teensy-compile/11.3.1/arm/bin/../lib/gcc/arm-none-eabi/11.3.1/../../../../arm-none-eabi/bin/as -v -march=armv7e-m -mfloat-abi=hard -mfpu=fpv5-d16 -meabi=5 -o CMakeFiles/cmTC_671ac.dir/CMakeCXXCompilerABI.cpp.obj /tmp/ccZw5OGx.s]
  ignore line: [GNU assembler version 2.38 (arm-none-eabi) using BFD version (Arm GNU Toolchain 11.3.Rel1) 2.38.20220708]
  ignore line: [COMPILER_PATH=/home/ethanchee/.arduino15/packages/teensy/tools/teensy-compile/11.3.1/arm/bin/../libexec/gcc/arm-none-eabi/11.3.1/:/home/ethanchee/.arduino15/packages/teensy/tools/teensy-compile/11.3.1/arm/bin/../libexec/gcc/:/home/ethanchee/.arduino15/packages/teensy/tools/teensy-compile/11.3.1/arm/bin/../lib/gcc/arm-none-eabi/11.3.1/../../../../arm-none-eabi/bin/]
  ignore line: [LIBRARY_PATH=/home/ethanchee/.arduino15/packages/teensy/tools/teensy-compile/11.3.1/arm/bin/../lib/gcc/arm-none-eabi/11.3.1/thumb/v7e-m+dp/hard/:/home/ethanchee/.arduino15/packages/teensy/tools/teensy-compile/11.3.1/arm/bin/../lib/gcc/arm-none-eabi/11.3.1/../../../../arm-none-eabi/lib/thumb/v7e-m+dp/hard/:/home/ethanchee/.arduino15/packages/teensy/tools/teensy-compile/11.3.1/arm/bin/../arm-none-eabi/lib/thumb/v7e-m+dp/hard/:/home/ethanchee/.arduino15/packages/teensy/tools/teensy-compile/11.3.1/arm/bin/../lib/gcc/arm-none-eabi/11.3.1/:/home/ethanchee/.arduino15/packages/teensy/tools/teensy-compile/11.3.1/arm/bin/../lib/gcc/:/home/ethanchee/.arduino15/packages/teensy/tools/teensy-compile/11.3.1/arm/bin/../lib/gcc/arm-none-eabi/11.3.1/../../../../arm-none-eabi/lib/:/home/ethanchee/.arduino15/packages/teensy/tools/teensy-compile/11.3.1/arm/bin/../arm-none-eabi/lib/]
  ignore line: [COLLECT_GCC_OPTIONS='-O2' '-g' '-Wall' '-ffunction-sections' '-fdata-sections' '-nostdlib' '-MMD' '-std=gnu++14' '-fno-exceptions' '-fpermissive' '-fno-rtti' '-fno-threadsafe-statics' '-felide-constructors' '-Wno-error=narrowing' '-mthumb' '-mcpu=cortex-m7' '-mfloat-abi=hard' '-mfpu=fpv5-d16' '-D' '__IMXRT1062__' '-D' 'TEENSYDUINO=158' '-D' 'ARDUINO=10607' '-D' 'ARDUINO_TEENSY41' '-D' 'F_CPU=600000000' '-D' 'USB_SERIAL' '-D' 'LAYOUT_US_ENGLISH' '-v' '-o' 'CMakeFiles/cmTC_671ac.dir/CMakeCXXCompilerABI.cpp.obj' '-c' '-mlibarch=armv7e-m+fp.dp' '-march=armv7e-m+fp.dp' '-dumpdir' 'CMakeFiles/cmTC_671ac.dir/CMakeCXXCompilerABI.cpp.']
  ignore line: [Linking CXX static library libcmTC_671ac.a]
  ignore line: [/usr/bin/cmake -P CMakeFiles/cmTC_671ac.dir/cmake_clean_target.cmake]
  ignore line: [/usr/bin/cmake -E cmake_link_script CMakeFiles/cmTC_671ac.dir/link.txt --verbose=1]
  link line: [/home/ethanchee/.arduino15/packages/teensy/tools/teensy-compile/11.3.1/arm/bin/arm-none-eabi-gcc-ar rcs libcmTC_671ac.a CMakeFiles/cmTC_671ac.dir/CMakeCXXCompilerABI.cpp.obj]
    arg [/home/ethanchee/.arduino15/packages/teensy/tools/teensy-compile/11.3.1/arm/bin/arm-none-eabi-gcc-ar] ==> ignore
    arg [rcs] ==> ignore
    arg [libcmTC_671ac.a] ==> ignore
    arg [CMakeFiles/cmTC_671ac.dir/CMakeCXXCompilerABI.cpp.obj] ==> ignore
  implicit libs: []
  implicit objs: []
  implicit dirs: []
  implicit fwks: []


